[2026-06-30T05:20:54Z ERROR dnsv::zonefile_parser] CNAME record could not coexist with other records: Record { domain: ["com", "voxcdn", "1783-images-dailykos-com"], rtype: SOA, rdata: "ns1.voxcdn.net hostmaster.voxel.net 1373108983 10800 3600 604800 60" }
[2026-06-30T05:20:54Z ERROR dnsv::zonefile_parser] CNAME record could not coexist with other records: Record { domain: ["com", "voxcdn", "3950-photojojo"], rtype: SOA, rdata: "ns1.voxcdn.net hostmaster.voxel.net 1365023800 10800 3600 604800 60" }
[2026-06-30T05:20:54Z ERROR dnsv::zonefile_parser] CNAME record could not coexist with other records: Record { domain: ["com", "voxcdn", "3984"], rtype: SOA, rdata: "ns1.voxcdn.net hostmaster.voxel.net 1334396632 10800 3600 604800 60" }
[2026-06-30T05:20:54Z ERROR dnsv::zonefile_parser] CNAME record could not coexist with other records: Record { domain: ["com", "voxcdn", "5332-technology"], rtype: SOA, rdata: "ns1.voxcdn.net hostmaster.voxel.net 1335182282 10800 3600 604800 60" }
[2026-06-30T05:20:54Z ERROR dnsv::zonefile_parser] CNAME record could not coexist with other records: Record { domain: ["com", "voxcdn", "3507"], rtype: SOA, rdata: "ns1.voxcdn.net hostmaster.voxel.net 1334788147 10800 3600 604800 60" }
[2026-06-30T05:20:54Z ERROR dnsv::zonefile_parser] CNAME record could not coexist with other records: Record { domain: ["com", "voxcdn", "3466"], rtype: SOA, rdata: "ns1.voxcdn.net hostmaster.voxel.net 1334614253 10800 3600 604800 60" }
[2026-06-30T05:20:54Z ERROR dnsv::zonefile_parser] CNAME record could not coexist with other records: Record { domain: ["com", "voxcdn", "1783-cdn-dailykostv-com"], rtype: SOA, rdata: "ns1.voxcdn.net hostmaster.voxel.net 1373153552 10800 3600 604800 60" }
[2026-06-30T05:20:54Z ERROR dnsv::zonefile_parser] CNAME record could not coexist with other records: Record { domain: ["com", "voxcdn", "3507-alt"], rtype: SOA, rdata: "ns1.voxcdn.net hostmaster.voxel.net 1335093846 10800 3600 604800 60" }
[2026-06-30T05:20:54Z ERROR dnsv::zonefile_parser] CNAME record could not coexist with other records: Record { domain: ["com", "voxcdn", "3507-technology-inc-com"], rtype: SOA, rdata: "ns1.voxcdn.net hostmaster.voxel.net 1334748380 10800 3600 604800 60" }
[2026-06-30T05:20:54Z ERROR dnsv::zonefile_parser] CNAME record could not coexist with other records: Record { domain: ["com", "voxcdn", "3999"], rtype: SOA, rdata: "ns1.voxcdn.net hostmaster.voxel.net 1373065690 10800 3600 604800 60" }
[2026-06-30T05:20:54Z ERROR dnsv::zonefile_parser] CNAME record could not coexist with other records: Record { domain: ["com", "voxcdn", "2419-voxcast-oyunlar1-com"], rtype: SOA, rdata: "ns1.voxcdn.net hostmaster.voxel.net 1334553414 10800 3600 604800 60" }
[2026-06-30T05:20:54Z ERROR dnsv::zonefile_parser] CNAME record could not coexist with other records: Record { domain: ["com", "voxcdn", "3507-fastcodesign"], rtype: SOA, rdata: "ns1.voxcdn.net hostmaster.voxel.net 1334867956 10800 3600 604800 60" }
[2026-06-30T05:20:54Z ERROR dnsv::zonefile_parser] CNAME record could not coexist with other records: Record { domain: ["com", "voxcdn", "5332-images"], rtype: SOA, rdata: "ns1.voxcdn.net hostmaster.voxel.net 1335029451 10800 3600 604800 60" }
[2026-06-30T05:20:54Z ERROR dnsv::zonefile_parser] CNAME record could not coexist with other records: Record { domain: ["com", "voxcdn", "4076"], rtype: SOA, rdata: "ns1.voxcdn.net hostmaster.voxel.net 1334476587 10800 3600 604800 60" }
[2026-06-30T05:20:54Z ERROR dnsv::zonefile_parser] CNAME record could not coexist with other records: Record { domain: ["com", "voxcdn", "1794-medicalxpress"], rtype: SOA, rdata: "ns1.voxcdn.net hostmaster.voxel.net 1335104249 10800 3600 604800 60" }
[2026-06-30T05:20:54Z ERROR dnsv::zonefile_parser] CNAME record could not coexist with other records: Record { domain: ["com", "voxcdn", "5332-globalnation"], rtype: SOA, rdata: "ns1.voxcdn.net hostmaster.voxel.net 1334929479 10800 3600 604800 60" }
[2026-06-30T05:20:54Z ERROR dnsv::zonefile_parser] CNAME record could not coexist with other records: Record { domain: ["com", "voxcdn", "5332-lifestyle"], rtype: SOA, rdata: "ns1.voxcdn.net hostmaster.voxel.net 1334343489 10800 3600 604800 60" }
[2026-06-30T05:20:54Z ERROR dnsv::zonefile_parser] CNAME record could not coexist with other records: Record { domain: ["com", "voxcdn", "3451-www-ugclocal-com"], rtype: SOA, rdata: "ns1.voxcdn.net hostmaster.voxel.net 1375971136 10800 3600 604800 60" }
[2026-06-30T05:20:54Z ERROR dnsv::zonefile_parser] CNAME record could not coexist with other records: Record { domain: ["com", "voxcdn", "5510"], rtype: SOA, rdata: "ns1.voxcdn.net hostmaster.voxel.net 1374699844 10800 3600 604800 60" }
[2026-06-30T05:20:54Z ERROR dnsv::zonefile_parser] CNAME record could not coexist with other records: Record { domain: ["com", "voxcdn", "5332-www"], rtype: SOA, rdata: "ns1.voxcdn.net hostmaster.voxel.net 1334339824 10800 3600 604800 60" }
[2026-06-30T05:20:54Z ERROR dnsv::zonefile_parser] CNAME record could not coexist with other records: Record { domain: ["com", "voxcdn", "4329"], rtype: SOA, rdata: "ns1.voxcdn.net hostmaster.voxel.net 1335065100 10800 3600 604800 60" }
[2026-06-30T05:20:54Z ERROR dnsv::zonefile_parser] CNAME record could not coexist with other records: Record { domain: ["com", "voxcdn", "3507-30secondmba"], rtype: SOA, rdata: "ns1.voxcdn.net hostmaster.voxel.net 1334426770 10800 3600 604800 60" }
[2026-06-30T05:20:54Z ERROR dnsv::zonefile_parser] CNAME record could not coexist with other records: Record { domain: ["com", "voxcdn", "4152"], rtype: SOA, rdata: "ns1.voxcdn.net hostmaster.voxel.net 1335170887 10800 3600 604800 60" }
[2026-06-30T05:20:54Z ERROR dnsv::zonefile_parser] CNAME record could not coexist with other records: Record { domain: ["com", "voxcdn", "4608"], rtype: SOA, rdata: "ns1.voxcdn.net hostmaster.voxel.net 1334621789 10800 3600 604800 60" }
[2026-06-30T05:20:54Z ERROR dnsv::zonefile_parser] CNAME record could not coexist with other records: Record { domain: ["com", "voxcdn", "5332-entertainment"], rtype: SOA, rdata: "ns1.voxcdn.net hostmaster.voxel.net 1335042342 10800 3600 604800 60" }
[2026-06-30T05:20:54Z ERROR dnsv::zonefile_parser] CNAME record could not coexist with other records: Record { domain: ["com", "voxcdn", "3478"], rtype: SOA, rdata: "ns1.voxcdn.net hostmaster.voxel.net 1334479333 10800 3600 604800 60" }
[2026-06-30T05:20:54Z ERROR dnsv::zonefile_parser] CNAME record could not coexist with other records: Record { domain: ["com", "voxcdn", "3507-www-inc-com"], rtype: SOA, rdata: "ns1.voxcdn.net hostmaster.voxel.net 1334664224 10800 3600 604800 60" }
[2026-06-30T05:20:54Z ERROR dnsv::zonefile_parser] CNAME record could not coexist with other records: Record { domain: ["com", "voxcdn", "3498"], rtype: SOA, rdata: "ns1.voxcdn.net hostmaster.voxel.net 1335173612 10800 3600 604800 60" }
[2026-06-30T05:20:54Z ERROR dnsv::zonefile_parser] CNAME record could not coexist with other records: Record { domain: ["com", "voxcdn", "3451-www-broadcast-interactive-com"], rtype: SOA, rdata: "ns1.voxcdn.net hostmaster.voxel.net 1334709886 10800 3600 604800 60" }
[2026-06-30T05:20:54Z ERROR dnsv::zonefile_parser] CNAME record could not coexist with other records: Record { domain: ["com", "voxcdn", "3678"], rtype: SOA, rdata: "ns1.voxcdn.net hostmaster.voxel.net 1334668184 10800 3600 604800 60" }
[2026-06-30T05:20:54Z ERROR dnsv::zonefile_parser] CNAME record could not coexist with other records: Record { domain: ["com", "voxcdn", "3487"], rtype: SOA, rdata: "ns1.voxcdn.net hostmaster.voxel.net 1365224680 10800 3600 604800 60" }
[2026-06-30T05:20:54Z ERROR dnsv::zonefile_parser] CNAME record could not coexist with other records: Record { domain: ["com", "voxcdn", "3451-www-younewstv-com"], rtype: SOA, rdata: "ns1.voxcdn.net hostmaster.voxel.net 1374184118 10800 3600 604800 60" }
[2026-06-30T05:20:54Z ERROR dnsv::zonefile_parser] CNAME record could not coexist with other records: Record { domain: ["com", "voxcdn", "3547"], rtype: SOA, rdata: "ns1.voxcdn.net hostmaster.voxel.net 1373164568 10800 3600 604800 60" }
[2026-06-30T05:20:54Z ERROR dnsv::zonefile_parser] CNAME record could not coexist with other records: Record { domain: ["com", "voxcdn", "2890-buchadian"], rtype: SOA, rdata: "ns1.voxcdn.net hostmaster.voxel.net 1334616428 10800 3600 604800 60" }
[2026-06-30T05:20:54Z ERROR dnsv::zonefile_parser] CNAME record could not coexist with other records: Record { domain: ["com", "voxcdn", "4009"], rtype: SOA, rdata: "ns1.voxcdn.net hostmaster.voxel.net 1334172984 10800 3600 604800 60" }
[2026-06-30T05:20:54Z ERROR dnsv::zonefile_parser] CNAME record could not coexist with other records: Record { domain: ["com", "voxcdn", "3507-images-inc-com"], rtype: SOA, rdata: "ns1.voxcdn.net hostmaster.voxel.net 1334747950 10800 3600 604800 60" }
[2026-06-30T05:20:54Z ERROR dnsv::zonefile_parser] CNAME record could not coexist with other records: Record { domain: ["com", "voxcdn", "3979"], rtype: SOA, rdata: "ns1.voxcdn.net hostmaster.voxel.net 1365066667 10800 3600 604800 60" }
[2026-06-30T05:20:54Z ERROR dnsv::zonefile_parser] CNAME record could not coexist with other records: Record { domain: ["com", "voxcdn", "5463-id"], rtype: SOA, rdata: "ns1.voxcdn.net hostmaster.voxel.net 1374316046 10800 3600 604800 60" }
[2026-06-30T05:20:54Z ERROR dnsv::zonefile_parser] CNAME record could not coexist with other records: Record { domain: ["com", "voxcdn", "4409"], rtype: SOA, rdata: "ns1.voxcdn.net hostmaster.voxel.net 1334673217 10800 3600 604800 60" }
[2026-06-30T05:20:54Z ERROR dnsv::zonefile_parser] CNAME record could not coexist with other records: Record { domain: ["com", "voxcdn", "3914"], rtype: SOA, rdata: "ns1.voxcdn.net hostmaster.voxel.net 1334719143 10800 3600 604800 60" }
[2026-06-30T05:20:54Z ERROR dnsv::zonefile_parser] CNAME record could not coexist with other records: Record { domain: ["com", "voxcdn", "3705"], rtype: SOA, rdata: "ns1.voxcdn.net hostmaster.voxel.net 1335126860 10800 3600 604800 60" }
[2026-06-30T05:20:54Z ERROR dnsv::zonefile_parser] CNAME record could not coexist with other records: Record { domain: ["com", "voxcdn", "2946-assets-twistage-com"], rtype: SOA, rdata: "ns1.voxcdn.net hostmaster.voxel.net 1335119949 10800 3600 604800 60" }
[2026-06-30T05:20:54Z ERROR dnsv::zonefile_parser] CNAME record could not coexist with other records: Record { domain: ["com", "voxcdn", "5535-thefastertimes"], rtype: SOA, rdata: "ns1.voxcdn.net hostmaster.voxel.net 1335152229 10800 3600 604800 60" }
[2026-06-30T05:20:54Z ERROR dnsv::zonefile_parser] CNAME record could not coexist with other records: Record { domain: ["com", "voxcdn", "2429-cdn-tcktcktck-org"], rtype: SOA, rdata: "ns1.voxcdn.net hostmaster.voxel.net 1335165637 10800 3600 604800 60" }
[2026-06-30T05:20:54Z ERROR dnsv::zonefile_parser] CNAME record could not coexist with other records: Record { domain: ["com", "voxcdn", "3003-i-unratedperez-com"], rtype: SOA, rdata: "ns1.voxcdn.net hostmaster.voxel.net 1334710426 10800 3600 604800 60" }
[2026-06-30T05:20:54Z ERROR dnsv::zonefile_parser] CNAME record could not coexist with other records: Record { domain: ["com", "voxcdn", "2930-xkcdimgs"], rtype: SOA, rdata: "ns1.voxcdn.net hostmaster.voxel.net 1365076052 10800 3600 604800 60" }
[2026-06-30T05:20:54Z ERROR dnsv::zonefile_parser] CNAME record could not coexist with other records: Record { domain: ["com", "voxcdn", "3451"], rtype: SOA, rdata: "ns1.voxcdn.net hostmaster.voxel.net 1334717823 10800 3600 604800 60" }
[2026-06-30T05:20:54Z ERROR dnsv::zonefile_parser] CNAME record could not coexist with other records: Record { domain: ["com", "voxcdn", "3472"], rtype: SOA, rdata: "ns1.voxcdn.net hostmaster.voxel.net 1334167334 10800 3600 604800 60" }
[2026-06-30T05:20:54Z ERROR dnsv::zonefile_parser] CNAME record could not coexist with other records: Record { domain: ["com", "voxcdn", "2930"], rtype: SOA, rdata: "ns1.voxcdn.net hostmaster.voxel.net 1334772289 10800 3600 604800 60" }
[2026-06-30T05:20:54Z ERROR dnsv::zonefile_parser] CNAME record could not coexist with other records: Record { domain: ["com", "voxcdn", "3057-www-scicomply-com"], rtype: SOA, rdata: "ns1.voxcdn.net hostmaster.voxel.net 1375988247 10800 3600 604800 60" }
[2026-06-30T05:20:54Z ERROR dnsv::zonefile_parser] CNAME record could not coexist with other records: Record { domain: ["com", "voxcdn", "3577"], rtype: SOA, rdata: "ns1.voxcdn.net hostmaster.voxel.net 1334821949 10800 3600 604800 60" }
[2026-06-30T05:20:54Z ERROR dnsv::zonefile_parser] CNAME record could not coexist with other records: Record { domain: ["com", "voxcdn", "4027"], rtype: SOA, rdata: "ns1.voxcdn.net hostmaster.voxel.net 1373065570 10800 3600 604800 60" }
[2026-06-30T05:20:54Z ERROR dnsv::zonefile_parser] CNAME record could not coexist with other records: Record { domain: ["com", "voxcdn", "3091"], rtype: SOA, rdata: "ns1.voxcdn.net hostmaster.voxel.net 1373257809 10800 3600 604800 60" }
[2026-06-30T05:20:54Z ERROR dnsv::zonefile_parser] CNAME record could not coexist with other records: Record { domain: ["com", "voxcdn", "2429-350-cdn-advomatic-com"], rtype: SOA, rdata: "ns1.voxcdn.net hostmaster.voxel.net 1334865031 10800 3600 604800 60" }
[2026-06-30T05:20:54Z ERROR dnsv::zonefile_parser] CNAME record could not coexist with other records: Record { domain: ["com", "voxcdn", "2098"], rtype: SOA, rdata: "ns1.voxcdn.net hostmaster.voxel.net 1335175582 10800 3600 604800 60" }
[2026-06-30T05:20:54Z ERROR dnsv::zonefile_parser] CNAME record could not coexist with other records: Record { domain: ["com", "voxcdn", "5166"], rtype: SOA, rdata: "ns1.voxcdn.net hostmaster.voxel.net 1335006745 10800 3600 604800 60" }
[2026-06-30T05:20:54Z ERROR dnsv::zonefile_parser] CNAME record could not coexist with other records: Record { domain: ["com", "voxcdn", "3507-stage-fastcompany-com"], rtype: SOA, rdata: "ns1.voxcdn.net hostmaster.voxel.net 1334601720 10800 3600 604800 60" }
[2026-06-30T05:20:54Z ERROR dnsv::zonefile_parser] CNAME record could not coexist with other records: Record { domain: ["com", "voxcdn", "3003-phvids-a-voxcdn-com"], rtype: SOA, rdata: "ns1.voxcdn.net hostmaster.voxel.net 1335073644 10800 3600 604800 60" }
[2026-06-30T05:20:54Z ERROR dnsv::zonefile_parser] CNAME record could not coexist with other records: Record { domain: ["com", "voxcdn", "5332-newsinfo"], rtype: SOA, rdata: "ns1.voxcdn.net hostmaster.voxel.net 1334086335 10800 3600 604800 60" }
[2026-06-30T05:20:54Z ERROR dnsv::zonefile_parser] CNAME record could not coexist with other records: Record { domain: ["com", "voxcdn", "2378-img"], rtype: SOA, rdata: "ns1.voxcdn.net hostmaster.voxel.net 1334855099 10800 3600 604800 60" }
[2026-06-30T05:20:54Z ERROR dnsv::zonefile_parser] CNAME record could not coexist with other records: Record { domain: ["com", "voxcdn", "2930-pbfcomics"], rtype: SOA, rdata: "ns1.voxcdn.net hostmaster.voxel.net 1375971891 10800 3600 604800 60" }
[2026-06-30T05:20:54Z ERROR dnsv::zonefile_parser] CNAME record could not coexist with other records: Record { domain: ["com", "voxcdn", "3451-media-azfamily-com"], rtype: SOA, rdata: "ns1.voxcdn.net hostmaster.voxel.net 1334938531 10800 3600 604800 60" }
[2026-06-30T05:20:54Z ERROR dnsv::zonefile_parser] CNAME record could not coexist with other records: Record { domain: ["com", "voxcdn", "3507-images-fastcompany-com"], rtype: SOA, rdata: "ns1.voxcdn.net hostmaster.voxel.net 1334251759 10800 3600 604800 60" }
[2026-06-30T05:20:54Z ERROR dnsv::zonefile_parser] CNAME record could not coexist with other records: Record { domain: ["com", "voxcdn", "3898"], rtype: SOA, rdata: "ns1.voxcdn.net hostmaster.voxel.net 1334743535 10800 3600 604800 60" }
[2026-06-30T05:20:54Z ERROR dnsv::zonefile_parser] CNAME record could not coexist with other records: Record { domain: ["com", "voxcdn", "3837"], rtype: SOA, rdata: "ns1.voxcdn.net hostmaster.voxel.net 1373154432 10800 3600 604800 60" }
[2026-06-30T05:20:54Z ERROR dnsv::zonefile_parser] CNAME record could not coexist with other records: Record { domain: ["com", "voxcdn", "3003-i-teddyhilton-com"], rtype: SOA, rdata: "ns1.voxcdn.net hostmaster.voxel.net 1334895970 10800 3600 604800 60" }
[2026-06-30T05:20:54Z ERROR dnsv::zonefile_parser] CNAME record could not coexist with other records: Record { domain: ["com", "voxcdn", "3003-i-cocoperez-com"], rtype: SOA, rdata: "ns1.voxcdn.net hostmaster.voxel.net 1334258927 10800 3600 604800 60" }
[2026-06-30T05:20:54Z ERROR dnsv::zonefile_parser] CNAME record could not coexist with other records: Record { domain: ["com", "voxcdn", "3451-belo"], rtype: SOA, rdata: "ns1.voxcdn.net hostmaster.voxel.net 1373236748 10800 3600 604800 60" }
[2026-06-30T05:20:54Z ERROR dnsv::zonefile_parser] CNAME record could not coexist with other records: Record { domain: ["com", "voxcdn", "1876"], rtype: SOA, rdata: "ns1.voxcdn.net hostmaster.voxel.net 1335075180 10800 3600 604800 60" }
[2026-06-30T05:20:54Z ERROR dnsv::zonefile_parser] CNAME record could not coexist with other records: Record { domain: ["com", "voxcdn", "1794"], rtype: SOA, rdata: "ns1.voxcdn.net hostmaster.voxel.net 1374211294 10800 3600 604800 60" }
[2026-06-30T05:20:54Z ERROR dnsv::zonefile_parser] CNAME record could not coexist with other records: Record { domain: ["com", "voxcdn", "3074"], rtype: SOA, rdata: "ns1.voxcdn.net hostmaster.voxel.net 1334285426 10800 3600 604800 60" }
[2026-06-30T05:20:54Z ERROR dnsv::zonefile_parser] CNAME record could not coexist with other records: Record { domain: ["com", "voxcdn", "2378"], rtype: SOA, rdata: "ns1.voxcdn.net hostmaster.voxel.net 1334403350 10800 3600 604800 60" }
[2026-06-30T05:20:54Z ERROR dnsv::zonefile_parser] CNAME record could not coexist with other records: Record { domain: ["com", "voxcdn", "3451-media-wvec-com"], rtype: SOA, rdata: "ns1.voxcdn.net hostmaster.voxel.net 1335073734 10800 3600 604800 60" }
[2026-06-30T05:20:54Z ERROR dnsv::zonefile_parser] CNAME record could not coexist with other records: Record { domain: ["com", "voxcdn", "2297"], rtype: SOA, rdata: "ns1.voxcdn.net hostmaster.voxel.net 1334621419 10800 3600 604800 60" }
[2026-06-30T05:20:54Z ERROR dnsv::zonefile_parser] CNAME record could not coexist with other records: Record { domain: ["com", "voxcdn", "3828"], rtype: SOA, rdata: "ns1.voxcdn.net hostmaster.voxel.net 1334754716 10800 3600 604800 60" }
[2026-06-30T05:20:54Z ERROR dnsv::zonefile_parser] CNAME record could not coexist with other records: Record { domain: ["com", "voxcdn", "3451-media-khou-com"], rtype: SOA, rdata: "ns1.voxcdn.net hostmaster.voxel.net 1335036627 10800 3600 604800 60" }
[2026-06-30T05:20:54Z ERROR dnsv::zonefile_parser] CNAME record could not coexist with other records: Record { domain: ["com", "voxcdn", "1714"], rtype: SOA, rdata: "ns1.voxcdn.net hostmaster.voxel.net 1335037532 10800 3600 604800 60" }
[2026-06-30T05:20:54Z ERROR dnsv::zonefile_parser] CNAME record could not coexist with other records: Record { domain: ["com", "voxcdn", "3003-img-perezhilton-com"], rtype: SOA, rdata: "ns1.voxcdn.net hostmaster.voxel.net 1374705511 10800 3600 604800 60" }
[2026-06-30T05:20:54Z ERROR dnsv::zonefile_parser] CNAME record could not coexist with other records: Record { domain: ["com", "voxcdn", "5332-business"], rtype: SOA, rdata: "ns1.voxcdn.net hostmaster.voxel.net 1334930929 10800 3600 604800 60" }
[2026-06-30T05:20:54Z ERROR dnsv::zonefile_parser] CNAME record could not coexist with other records: Record { domain: ["com", "voxcdn", "3150-img-trekmovie-com"], rtype: SOA, rdata: "ns1.voxcdn.net hostmaster.voxel.net 1334607336 10800 3600 604800 60" }
[2026-06-30T05:20:54Z ERROR dnsv::zonefile_parser] CNAME record could not coexist with other records: Record { domain: ["com", "voxcdn", "2419-flonga"], rtype: SOA, rdata: "ns1.voxcdn.net hostmaster.voxel.net 1335106544 10800 3600 604800 60" }
[2026-06-30T05:20:54Z ERROR dnsv::zonefile_parser] CNAME record could not coexist with other records: Record { domain: ["com", "voxcdn", "3705-pages"], rtype: SOA, rdata: "ns1.voxcdn.net hostmaster.voxel.net 1334399862 10800 3600 604800 60" }
[2026-06-30T05:20:54Z ERROR dnsv::zonefile_parser] CNAME record could not coexist with other records: Record { domain: ["com", "voxcdn", "3902"], rtype: SOA, rdata: "ns1.voxcdn.net hostmaster.voxel.net 1334484849 10800 3600 604800 60" }
[2026-06-30T05:20:54Z ERROR dnsv::zonefile_parser] CNAME record could not coexist with other records: Record { domain: ["com", "voxcdn", "3705-maps"], rtype: SOA, rdata: "ns1.voxcdn.net hostmaster.voxel.net 1335059837 10800 3600 604800 60" }
[2026-06-30T05:20:54Z ERROR dnsv::zonefile_parser] CNAME record could not coexist with other records: Record { domain: ["com", "voxcdn", "3451-images-bimedia-net"], rtype: SOA, rdata: "ns1.voxcdn.net hostmaster.voxel.net 1374596437 10800 3600 604800 60" }
[2026-06-30T05:20:54Z ERROR dnsv::zonefile_parser] CNAME record could not coexist with other records: Record { domain: ["com", "voxcdn", "3451-media-cbs3springfield-com"], rtype: SOA, rdata: "ns1.voxcdn.net hostmaster.voxel.net 1334683455 10800 3600 604800 60" }
[2026-06-30T05:20:54Z ERROR dnsv::zonefile_parser] CNAME record could not coexist with other records: Record { domain: ["com", "voxcdn", "3451-media-wwltv-com"], rtype: SOA, rdata: "ns1.voxcdn.net hostmaster.voxel.net 1335046482 10800 3600 604800 60" }
[2026-06-30T05:20:54Z ERROR dnsv::zonefile_parser] CNAME record could not coexist with other records: Record { domain: ["com", "voxcdn", "3053"], rtype: SOA, rdata: "ns1.voxcdn.net hostmaster.voxel.net 1334944961 10800 3600 604800 60" }
[2026-06-30T05:20:54Z ERROR dnsv::zonefile_parser] CNAME record could not coexist with other records: Record { domain: ["com", "voxcdn", "3906"], rtype: SOA, rdata: "ns1.voxcdn.net hostmaster.voxel.net 1334978923 10800 3600 604800 60" }
[2026-06-30T05:20:54Z ERROR dnsv::zonefile_parser] CNAME record could not coexist with other records: Record { domain: ["com", "voxcdn", "3451-fin-ftp"], rtype: SOA, rdata: "ns1.voxcdn.net hostmaster.voxel.net 1335049068 10800 3600 604800 60" }
[2026-06-30T05:20:54Z ERROR dnsv::zonefile_parser] CNAME record could not coexist with other records: Record { domain: ["com", "voxcdn", "3003-i-fitperez-com"], rtype: SOA, rdata: "ns1.voxcdn.net hostmaster.voxel.net 1334684861 10800 3600 604800 60" }
[2026-06-30T05:20:54Z ERROR dnsv::zonefile_parser] CNAME record could not coexist with other records: Record { domain: ["com", "voxcdn", "3888"], rtype: SOA, rdata: "ns1.voxcdn.net hostmaster.voxel.net 1334660884 10800 3600 604800 60" }
[2026-06-30T05:20:54Z ERROR dnsv::zonefile_parser] CNAME record could not coexist with other records: Record { domain: ["com", "voxcdn", "3451-media-kgw-com"], rtype: SOA, rdata: "ns1.voxcdn.net hostmaster.voxel.net 1334439078 10800 3600 604800 60" }
[2026-06-30T05:20:54Z ERROR dnsv::zonefile_parser] CNAME record could not coexist with other records: Record { domain: ["com", "voxcdn", "3451-media-king5-com"], rtype: SOA, rdata: "ns1.voxcdn.net hostmaster.voxel.net 1334733864 10800 3600 604800 60" }
[2026-06-30T05:20:54Z ERROR dnsv::zonefile_parser] CNAME record could not coexist with other records: Record { domain: ["com", "voxcdn", "3451-kcrg-ftp"], rtype: SOA, rdata: "ns1.voxcdn.net hostmaster.voxel.net 1335013276 10800 3600 604800 60" }
[2026-06-30T05:20:54Z ERROR dnsv::zonefile_parser] CNAME record could not coexist with other records: Record { domain: ["com", "voxcdn", "3705-photos"], rtype: SOA, rdata: "ns1.voxcdn.net hostmaster.voxel.net 1334950552 10800 3600 604800 60" }
[2026-06-30T05:20:54Z ERROR dnsv::zonefile_parser] CNAME record could not coexist with other records: Record { domain: ["com", "voxcdn", "3934"], rtype: SOA, rdata: "ns1.voxcdn.net hostmaster.voxel.net 1374607404 10800 3600 604800 60" }
[2026-06-30T05:20:54Z ERROR dnsv::zonefile_parser] CNAME record could not coexist with other records: Record { domain: ["com", "voxcdn", "3451-media-ktvb-com"], rtype: SOA, rdata: "ns1.voxcdn.net hostmaster.voxel.net 1335043412 10800 3600 604800 60" }
[2026-06-30T05:20:54Z ERROR dnsv::zonefile_parser] CNAME record could not coexist with other records: Record { domain: ["com", "voxcdn", "3164-betabeat"], rtype: SOA, rdata: "ns1.voxcdn.net hostmaster.voxel.net 1335065345 10800 3600 604800 60" }
[2026-06-30T05:20:54Z ERROR dnsv::zonefile_parser] CNAME record could not coexist with other records: Record { domain: ["com", "voxcdn", "3164-observer-cast-advomatic-com"], rtype: SOA, rdata: "ns1.voxcdn.net hostmaster.voxel.net 1335054944 10800 3600 604800 60" }
[2026-06-30T05:20:54Z ERROR dnsv::zonefile_parser] CNAME record could not coexist with other records: Record { domain: ["com", "voxcdn", "3451-media-younewstv-com"], rtype: SOA, rdata: "ns1.voxcdn.net hostmaster.voxel.net 1334903757 10800 3600 604800 60" }
[2026-06-30T05:20:54Z ERROR dnsv::zonefile_parser] CNAME record could not coexist with other records: Record { domain: ["com", "voxcdn", "3008"], rtype: SOA, rdata: "ns1.voxcdn.net hostmaster.voxel.net 1334648052 10800 3600 604800 60" }
[2026-06-30T05:20:54Z ERROR dnsv::zonefile_parser] CNAME record could not coexist with other records: Record { domain: ["com", "voxcdn", "5332-opinion"], rtype: SOA, rdata: "ns1.voxcdn.net hostmaster.voxel.net 1334287987 10800 3600 604800 60" }
[2026-06-30T05:20:54Z ERROR dnsv::zonefile_parser] CNAME record could not coexist with other records: Record { domain: ["com", "voxcdn", "3347-mozilla"], rtype: SOA, rdata: "ns1.voxcdn.net hostmaster.voxel.net 1334488095 10800 3600 604800 60" }
[2026-06-30T05:20:54Z ERROR dnsv::zonefile_parser] CNAME record could not coexist with other records: Record { domain: ["com", "voxcdn", "3393"], rtype: SOA, rdata: "ns1.voxcdn.net hostmaster.voxel.net 1334355449 10800 3600 604800 60" }
[2026-06-30T05:20:54Z ERROR dnsv::zonefile_parser] CNAME record could not coexist with other records: Record { domain: ["com", "voxcdn", "3278"], rtype: SOA, rdata: "ns1.voxcdn.net hostmaster.voxel.net 1334614818 10800 3600 604800 60" }
[2026-06-30T05:20:54Z ERROR dnsv::zonefile_parser] CNAME record could not coexist with other records: Record { domain: ["com", "voxcdn", "2419-voxcast-didigames-com"], rtype: SOA, rdata: "ns1.voxcdn.net hostmaster.voxel.net 1334603330 10800 3600 604800 60" }
[2026-06-30T05:20:54Z ERROR dnsv::zonefile_parser] CNAME record could not coexist with other records: Record { domain: ["com", "voxcdn", "3451-media-whas11-com"], rtype: SOA, rdata: "ns1.voxcdn.net hostmaster.voxel.net 1334804619 10800 3600 604800 60" }
[2026-06-30T05:20:54Z ERROR dnsv::zonefile_parser] CNAME record could not coexist with other records: Record { domain: ["com", "voxcdn", "3828-dev"], rtype: SOA, rdata: "ns1.voxcdn.net hostmaster.voxel.net 1334843217 10800 3600 604800 60" }
[2026-06-30T05:20:54Z ERROR dnsv::zonefile_parser] CNAME record could not coexist with other records: Record { domain: ["com", "voxcdn", "3289"], rtype: SOA, rdata: "ns1.voxcdn.net hostmaster.voxel.net 1334579405 10800 3600 604800 60" }
[2026-06-30T05:20:54Z ERROR dnsv::zonefile_parser] CNAME record could not coexist with other records: Record { domain: ["com", "voxcdn", "3432-stoollala"], rtype: SOA, rdata: "ns1.voxcdn.net hostmaster.voxel.net 1334308275 10800 3600 604800 60" }
[2026-06-30T05:20:54Z ERROR dnsv::zonefile_parser] CNAME record could not coexist with other records: Record { domain: ["com", "voxcdn", "3347"], rtype: SOA, rdata: "ns1.voxcdn.net hostmaster.voxel.net 1334515491 10800 3600 604800 60" }
[2026-06-30T05:20:54Z ERROR dnsv::zonefile_parser] CNAME record could not coexist with other records: Record { domain: ["com", "voxcdn", "3451-media-wfaa-com"], rtype: SOA, rdata: "ns1.voxcdn.net hostmaster.voxel.net 1334734099 10800 3600 604800 60" }
[2026-06-30T05:20:54Z ERROR dnsv::zonefile_parser] CNAME record could not coexist with other records: Record { domain: ["com", "voxcdn", "3398"], rtype: SOA, rdata: "ns1.voxcdn.net hostmaster.voxel.net 1335067432 10800 3600 604800 60" }
[2026-06-30T05:20:54Z ERROR dnsv::zonefile_parser] CNAME record could not coexist with other records: Record { domain: ["com", "voxcdn", "3432"], rtype: SOA, rdata: "ns1.voxcdn.net hostmaster.voxel.net 1373239988 10800 3600 604800 60" }
[2026-06-30T05:20:54Z ERROR dnsv::zonefile_parser] CNAME record could not coexist with other records: Record { domain: ["com", "voxcdn", "3164-politickernj-com"], rtype: SOA, rdata: "ns1.voxcdn.net hostmaster.voxel.net 1335125495 10800 3600 604800 60" }
[2026-06-30T05:20:54Z ERROR dnsv::zonefile_parser] CNAME record could not coexist with other records: Record { domain: ["com", "voxcdn", "3151-dsstyles"], rtype: SOA, rdata: "ns1.voxcdn.net hostmaster.voxel.net 1335133606 10800 3600 604800 60" }
[2026-06-30T05:20:54Z ERROR dnsv::zonefile_parser] CNAME record could not coexist with other records: Record { domain: ["com", "voxcdn", "2429"], rtype: SOA, rdata: "ns1.voxcdn.net hostmaster.voxel.net 1373037875 10800 3600 604800 60" }
[2026-06-30T05:20:54Z ERROR dnsv::zonefile_parser] CNAME record could not coexist with other records: Record { domain: ["com", "voxcdn", "3084"], rtype: SOA, rdata: "ns1.voxcdn.net hostmaster.voxel.net 1334595404 10800 3600 604800 60" }
[2026-06-30T05:20:54Z ERROR dnsv::zonefile_parser] CNAME record could not coexist with other records: Record { domain: ["com", "voxcdn", "3164-politicker-com"], rtype: SOA, rdata: "ns1.voxcdn.net hostmaster.voxel.net 1334655773 10800 3600 604800 60" }
[2026-06-30T05:20:54Z ERROR dnsv::zonefile_parser] CNAME record could not coexist with other records: Record { domain: ["com", "voxcdn", "3451-media-wcnc-com"], rtype: SOA, rdata: "ns1.voxcdn.net hostmaster.voxel.net 1334813082 10800 3600 604800 60" }
[2026-06-30T05:20:54Z ERROR dnsv::zonefile_parser] CNAME record could not coexist with other records: Record { domain: ["com", "voxcdn", "5332-services"], rtype: SOA, rdata: "ns1.voxcdn.net hostmaster.voxel.net 1334498783 10800 3600 604800 60" }
[2026-06-30T05:20:54Z ERROR dnsv::zonefile_parser] CNAME record could not coexist with other records: Record { domain: ["com", "voxcdn", "3447"], rtype: SOA, rdata: "ns1.voxcdn.net hostmaster.voxel.net 1374694712 10800 3600 604800 60" }
[2026-06-30T05:20:54Z ERROR dnsv::zonefile_parser] CNAME record could not coexist with other records: Record { domain: ["com", "voxcdn", "5332-sports"], rtype: SOA, rdata: "ns1.voxcdn.net hostmaster.voxel.net 1334514471 10800 3600 604800 60" }
[2026-06-30T05:20:54Z ERROR dnsv::zonefile_parser] CNAME record could not coexist with other records: Record { domain: ["com", "voxcdn", "3451-media-kcrg-com"], rtype: SOA, rdata: "ns1.voxcdn.net hostmaster.voxel.net 1335157474 10800 3600 604800 60" }
[2026-06-30T05:20:54Z ERROR dnsv::zonefile_parser] CNAME record could not coexist with other records: Record { domain: ["com", "voxcdn", "3164-politickerny-com"], rtype: SOA, rdata: "ns1.voxcdn.net hostmaster.voxel.net 1334523538 10800 3600 604800 60" }

thread 'main' (605) panicked at src/lib.rs:92:36:
update zone file not found: 1714.voxcdn.com..txt
note: run with `RUST_BACKTRACE=1` environment variable to display a backtrace
