[2026-06-30T05:21:02Z ERROR dnsv::zonefile_parser] CNAME record could not coexist with other records: Record { domain: ["net", "wcpss", "caryhs"], rtype: SOA, rdata: "ns1.wcpss.net admin.ns1.wcpss.net 2010040901 3600 900 1209600 3600" }
[2026-06-30T05:21:02Z ERROR dnsv::zonefile_parser] CNAME record could not coexist with other records: Record { domain: ["net", "wcpss", "fvhs"], rtype: SOA, rdata: "ns1.wcpss.net admin.ns1.wcpss.net 2010040901 3600 900 1209600 3600" }
[2026-06-30T05:21:02Z ERROR dnsv::zonefile_parser] CNAME record could not coexist with other records: Record { domain: ["net", "wcpss", "mhs"], rtype: SOA, rdata: "ns1.wcpss.net admin.ns1.wcpss.net 2010040901 3600 900 1209600 3600" }
[2026-06-30T05:21:02Z ERROR dnsv::zonefile_parser] CNAME record could not coexist with other records: Record { domain: ["net", "wcpss", "laurelparkes"], rtype: SOA, rdata: "ns1.wcpss.net admin.ns1.wcpss.net 2010040901 3600 900 1209600 3600" }
[2026-06-30T05:21:02Z ERROR dnsv::zonefile_parser] CNAME record could not coexist with other records: Record { domain: ["net", "wcpss", "phillipshs"], rtype: SOA, rdata: "ns1.wcpss.net admin.ns1.wcpss.net 2010040901 3600 900 1209600 3600" }
[2026-06-30T05:21:02Z ERROR dnsv::zonefile_parser] CNAME record could not coexist with other records: Record { domain: ["net", "wcpss", "les"], rtype: SOA, rdata: "ns1.wcpss.net admin.ns1.wcpss.net 2010040901 3600 900 1209600 3600" }
[2026-06-30T05:21:02Z ERROR dnsv::zonefile_parser] CNAME record could not coexist with other records: Record { domain: ["net", "wcpss", "olivechapeles"], rtype: SOA, rdata: "ns1.wcpss.net admin.ns1.wcpss.net 2010040901 3600 900 1209600 3600" }
[2026-06-30T05:21:02Z ERROR dnsv::zonefile_parser] CNAME record could not coexist with other records: Record { domain: ["net", "wcpss", "middlecreekhs"], rtype: SOA, rdata: "ns1.wcpss.net admin.ns1.wcpss.net 2011033001 3600 900 1209600 3600" }
[2026-06-30T05:21:02Z ERROR dnsv::zonefile_parser] CNAME record could not coexist with other records: Record { domain: ["net", "wcpss", "garnerhs"], rtype: SOA, rdata: "ns1.wcpss.net admin.ns1.wcpss.net 2010040901 3600 900 1209600 3600" }
[2026-06-30T05:21:02Z ERROR dnsv::zonefile_parser] CNAME record could not coexist with other records: Record { domain: ["net", "wcpss", "panthercreekhs"], rtype: SOA, rdata: "ns1.wcpss.net admin.ns1.wcpss.net 2010040901 3600 900 1209600 3600" }
[2026-06-30T05:21:02Z ERROR dnsv::zonefile_parser] CNAME record could not coexist with other records: Record { domain: ["net", "wcpss", "fulleres"], rtype: SOA, rdata: "ns1.wcpss.net admin.ns1.wcpss.net 2010040901 3600 900 1209600 3600" }
[2026-06-30T05:21:02Z ERROR dnsv::zonefile_parser] CNAME record could not coexist with other records: Record { domain: ["net", "wcpss", "wakefieldhs"], rtype: SOA, rdata: "ns1.wcpss.net admin.ns1.wcpss.net 2010040901 3600 900 1209600 3600" }
[2026-06-30T05:21:02Z ERROR dnsv::zonefile_parser] CNAME record could not coexist with other records: Record { domain: ["net", "wcpss", "leesvillems"], rtype: SOA, rdata: "ns1.wcpss.net admin.ns1.wcpss.net 2010040901 3600 900 1209600 3600" }
[2026-06-30T05:21:02Z ERROR dnsv::zonefile_parser] CNAME record could not coexist with other records: Record { domain: ["net", "wcpss", "pleasantuniones"], rtype: SOA, rdata: "ns1.wcpss.net admin.ns1.wcpss.net 2012061301 3600 900 1209600 3600" }
[2026-06-30T05:21:02Z ERROR dnsv::zonefile_parser] CNAME record could not coexist with other records: Record { domain: ["net", "wcpss", "ligon"], rtype: SOA, rdata: "ns1.wcpss.net admin.ns1.wcpss.net 2010040901 3600 900 1209600 3600" }
[2026-06-30T05:21:02Z ERROR dnsv::zonefile_parser] CNAME record could not coexist with other records: Record { domain: ["net", "wcpss", "greenhopehigh"], rtype: SOA, rdata: "ns1.wcpss.net admin.ns1.wcpss.net 2012060101 3600 900 1209600 3600" }
[2026-06-30T05:21:02Z ERROR dnsv::zonefile_parser] CNAME record could not coexist with other records: Record { domain: ["net", "wcpss", "wakefieldms"], rtype: SOA, rdata: "ns1.wcpss.net admin.ns1.wcpss.net 2010040901 3600 900 1209600 3600" }
[2026-06-30T05:21:02Z ERROR dnsv::zonefile_parser] CNAME record could not coexist with other records: Record { domain: ["net", "wcpss", "wfrms"], rtype: SOA, rdata: "ns1.wcpss.net admin.ns1.wcpss.net 2010040901 3600 900 1209600 3600" }
[2026-06-30T05:21:02Z ERROR dnsv::zonefile_parser] CNAME record could not coexist with other records: Record { domain: ["net", "wcpss", "enloehs"], rtype: SOA, rdata: "ns1.wcpss.net admin.ns1.wcpss.net 2010040901 3600 900 1209600 3600" }
[2026-06-30T05:21:02Z ERROR dnsv::zonefile_parser] CNAME record could not coexist with other records: Record { domain: ["net", "wcpss", "ewhs"], rtype: SOA, rdata: "ns1.wcpss.net admin.ns1.wcpss.net 2010040901 3600 900 1209600 3600" }
[2026-06-30T05:21:02Z ERROR dnsv::zonefile_parser] CNAME record could not coexist with other records: Record { domain: ["net", "wcpss", "danielsms"], rtype: SOA, rdata: "ns1.wcpss.net admin.ns1.wcpss.net 2010040901 3600 900 1209600 3600" }
[2026-06-30T05:21:02Z ERROR dnsv::zonefile_parser] CNAME record could not coexist with other records: Record { domain: ["net", "wcpss", "lufkinroad"], rtype: SOA, rdata: "ns1.wcpss.net admin.ns1.wcpss.net 2010040901 3600 900 1209600 3600" }
[2026-06-30T05:21:02Z ERROR dnsv::zonefile_parser] CNAME record could not coexist with other records: Record { domain: ["net", "wcpss", "apexes"], rtype: SOA, rdata: "ns1.wcpss.net admin.ns1.wcpss.net 2010040901 3600 900 1209600 3600" }
[2026-06-30T05:21:02Z ERROR dnsv::zonefile_parser] CNAME record could not coexist with other records: Record { domain: ["net", "wcpss", "sandersonhs"], rtype: SOA, rdata: "ns1.wcpss.net admin.ns1.wcpss.net 2012032101 3600 900 1209600 3600" }
[2026-06-30T05:21:02Z ERROR dnsv::zonefile_parser] CNAME record could not coexist with other records: Record { domain: ["net", "wcpss", "salemms"], rtype: SOA, rdata: "ns1.wcpss.net admin.ns1.wcpss.net 2010040901 3600 900 1209600 3600" }
[2026-06-30T05:21:02Z ERROR dnsv::zonefile_parser] CNAME record could not coexist with other records: Record { domain: ["net", "wcpss", "salemes"], rtype: SOA, rdata: "ns1.wcpss.net admin.ns1.wcpss.net 2010040901 3600 900 1209600 3600" }
[2026-06-30T05:21:02Z ERROR dnsv::zonefile_parser] CNAME record could not coexist with other records: Record { domain: ["net", "wcpss", "broughton"], rtype: SOA, rdata: "ns1.wcpss.net admin.ns1.wcpss.net 2010040901 3600 900 1209600 3600" }
[2026-06-30T05:21:02Z ERROR dnsv::zonefile_parser] CNAME record could not coexist with other records: Record { domain: ["net", "wcpss", "carnagems"], rtype: SOA, rdata: "ns1.wcpss.net admin.ns1.wcpss.net 2010040901 3600 900 1209600 3600" }
[2026-06-30T05:21:02Z ERROR dnsv::zonefile_parser] CNAME record could not coexist with other records: Record { domain: ["net", "wcpss", "baucomes"], rtype: SOA, rdata: "ns1.wcpss.net admin.ns1.wcpss.net 2010040901 3600 900 1209600 3600" }
[2026-06-30T05:21:02Z ERROR dnsv::zonefile_parser] CNAME record could not coexist with other records: Record { domain: ["net", "wcpss", "athensdrivehs"], rtype: SOA, rdata: "ns1.wcpss.net admin.ns1.wcpss.net 2010040901 3600 900 1209600 3600" }
[2026-06-30T05:21:02Z ERROR dnsv::zonefile_parser] CNAME record could not coexist with other records: Record { domain: ["net", "wcpss", "apexms"], rtype: SOA, rdata: "ns1.wcpss.net admin.ns1.wcpss.net 2013011101 3600 900 1209600 3600" }
[2026-06-30T05:21:02Z ERROR dnsv::zonefile_parser] CNAME record could not coexist with other records: Record { domain: ["net", "wcpss", "healthscienceec"], rtype: SOA, rdata: "ns1.wcpss.net admin.ns1.wcpss.net 2012082801 3600 900 1209600 3600" }
[2026-06-30T05:21:02Z ERROR dnsv::zonefile_parser] CNAME record could not coexist with other records: Record { domain: ["net", "wcpss", "hollyspringses"], rtype: SOA, rdata: "ns1.wcpss.net admin.ns1.wcpss.net 2010040901 3600 900 1209600 3600" }
[2026-06-30T05:21:02Z ERROR dnsv::zonefile_parser] CNAME record could not coexist with other records: Record { domain: ["net", "wcpss", "hollyridgees"], rtype: SOA, rdata: "ns1.wcpss.net admin.ns1.wcpss.net 2010040901 3600 900 1209600 3600" }
[2026-06-30T05:21:02Z ERROR dnsv::zonefile_parser] CNAME record could not coexist with other records: Record { domain: ["net", "wcpss", "hollyridgems"], rtype: SOA, rdata: "ns1.wcpss.net admin.ns1.wcpss.net 2010040901 3600 900 1209600 3600" }
[2026-06-30T05:21:02Z ERROR dnsv::zonefile_parser] CNAME record could not coexist with other records: Record { domain: ["net", "wcpss", "hollygrovees"], rtype: SOA, rdata: "ns1.wcpss.net admin.ns1.wcpss.net 2010040901 3600 900 1209600 3600" }
[2026-06-30T05:21:02Z ERROR dnsv::zonefile_parser] CNAME record could not coexist with other records: Record { domain: ["net", "wcpss", "hollyspringshs"], rtype: SOA, rdata: "ns1.wcpss.net admin.ns1.wcpss.net 2010040901 3600 900 1209600 3600" }
[2026-06-30T05:21:02Z ERROR dnsv::zonefile_parser] CNAME record could not coexist with other records: Record { domain: ["net", "wcpss", "hollygrovems"], rtype: SOA, rdata: "ns1.wcpss.net admin.ns1.wcpss.net 2010040901 3600 900 1209600 3600" }
[2026-06-30T05:21:02Z ERROR dnsv::zonefile_parser] CNAME record could not coexist with other records: Record { domain: ["net", "wcpss", "knightdalehs"], rtype: SOA, rdata: "ns1.wcpss.net admin.ns1.wcpss.net 2010040901 3600 900 1209600 3600" }
[2026-06-30T05:21:02Z ERROR dnsv::zonefile_parser] CNAME record could not coexist with other records: Record { domain: ["net", "wcpss", "span"], rtype: A, rdata: "24.171.168.188" }
